<?xml version="1.0" encoding="UTF-8"?>
<testsuite xmlns:xsi="http://www.w3.org/2001/XMLSchema-instance" xsi:noNamespaceSchemaLocation="https://maven.apache.org/surefire/maven-surefire-plugin/xsd/surefire-test-report-3.0.xsd" version="3.0" name="com.mycompany.st10490599.MessageTest" time="0.164" tests="7" errors="0" skipped="0" failures="1">
  <properties>
[...]
</properties>
  <testcase name="testInvalidRecipientPhoneNumber" classname="com.mycompany.st10490599.MessageTest" time="0.048"/>
  <testcase name="testMultipleMessageHashes" classname="com.mycompany.st10490599.MessageTest" time="0.024">
    <failure message="Mismatch at index 1 ==&gt; expected: &lt;00:1:HIPAYMENT&gt; but was: &lt;00:1:HIPAYMENT?&gt;" type="org.opentest4j.AssertionFailedError"><![CDATA[org.opentest4j.AssertionFailedError: Mismatch at index 1 ==> expected: <00:1:HIPAYMENT> but was: <00:1:HIPAYMENT?>
	at org.junit.jupiter.api.AssertionFailureBuilder.build(AssertionFailureBuilder.java:151)
	at org.junit.jupiter.api.AssertionFailureBuilder.buildAndThrow(AssertionFailureBuilder.java:132)
	at org.junit.jupiter.api.AssertEquals.failNotEqual(AssertEquals.java:197)
	at org.junit.jupiter.api.AssertEquals.assertEquals(AssertEquals.java:182)
	at org.junit.jupiter.api.Assertions.assertEquals(Assertions.java:1156)
	at com.mycompany.st10490599.MessageTest.testMultipleMessageHashes(MessageTest.java:47)
	at java.base/java.lang.reflect.Method.invoke(Method.java:565)
	at java.base/java.util.ArrayList.forEach(ArrayList.java:1604)
	at java.base/java.util.ArrayList.forEach(ArrayList.java:1604)
]]></failure>
  </testcase>
  <testcase name="testValidRecipientPhoneNumber" classname="com.mycompany.st10490599.MessageTest" time="0.004"/>
  <testcase name="testPrintMessagesEmpty" classname="com.mycompany.st10490599.MessageTest" time="0.002"/>
  <testcase name="testMessageLengthValidation" classname="com.mycompany.st10490599.MessageTest" time="0.001"/>
  <testcase name="testTotalMessagesCountInitiallyZero" classname="com.mycompany.st10490599.MessageTest" time="0.002"/>
  <testcase name="testGenerateMessageIDFormat" classname="com.mycompany.st10490599.MessageTest" time="0.019"/>
</testsuite>